<?xml version="1.0" encoding="UTF-8" ?>
<testsuites name="vitest tests" tests="20" failures="20" errors="0" time="0.029431833">
    <testsuite name="src/__tests__/components/StreamingConversation.test.tsx" timestamp="2025-09-08T08:11:40.002Z" hostname="Mac" tests="20" failures="20" errors="0" skipped="0" time="0.029431833">
        <testcase classname="src/__tests__/components/StreamingConversation.test.tsx" name="StreamingConversation Component &gt; renders streaming conversation interface correctly" time="0.019698">
            <system-err>
Error checking session: TypeError: __vite_ssr_import_3__.supabase.auth.getSession is not a function
    at checkSession [90m(/Users/davygabs/Documents/Projects/Source/lovable-gympluscoffee-liam/[39msrc/contexts/UserContext.tsx:27:59[90m)[39m
    at [90m/Users/davygabs/Documents/Projects/Source/lovable-gympluscoffee-liam/[39msrc/contexts/UserContext.tsx:36:5
    at commitHookEffectListMount [90m(/Users/davygabs/Documents/Projects/Source/lovable-gympluscoffee-liam/[39mnode_modules/[4mreact-dom[24m/cjs/react-dom.development.js:23189:26[90m)[39m
    at commitPassiveMountOnFiber [90m(/Users/davygabs/Documents/Projects/Source/lovable-gympluscoffee-liam/[39mnode_modules/[4mreact-dom[24m/cjs/react-dom.development.js:24970:11[90m)[39m
    at commitPassiveMountEffects_complete [90m(/Users/davygabs/Documents/Projects/Source/lovable-gympluscoffee-liam/[39mnode_modules/[4mreact-dom[24m/cjs/react-dom.development.js:24930:9[90m)[39m
    at commitPassiveMountEffects_begin [90m(/Users/davygabs/Documents/Projects/Source/lovable-gympluscoffee-liam/[39mnode_modules/[4mreact-dom[24m/cjs/react-dom.development.js:24917:7[90m)[39m
    at commitPassiveMountEffects [90m(/Users/davygabs/Documents/Projects/Source/lovable-gympluscoffee-liam/[39mnode_modules/[4mreact-dom[24m/cjs/react-dom.development.js:24905:3[90m)[39m
    at flushPassiveEffectsImpl [90m(/Users/davygabs/Documents/Projects/Source/lovable-gympluscoffee-liam/[39mnode_modules/[4mreact-dom[24m/cjs/react-dom.development.js:27078:3[90m)[39m
    at flushPassiveEffects [90m(/Users/davygabs/Documents/Projects/Source/lovable-gympluscoffee-liam/[39mnode_modules/[4mreact-dom[24m/cjs/react-dom.development.js:27023:14[90m)[39m
    at performSyncWorkOnRoot [90m(/Users/davygabs/Documents/Projects/Source/lovable-gympluscoffee-liam/[39mnode_modules/[4mreact-dom[24m/cjs/react-dom.development.js:26115:3[90m)[39m

Warning: Attempted to synchronously unmount a root while React was already rendering. React cannot finish unmounting the root until the current render has completed, which may lead to a race condition.
    at UserProvider (/Users/davygabs/Documents/Projects/Source/lovable-gympluscoffee-liam/src/contexts/UserContext.tsx:10:25)
    at AuthProvider (/Users/davygabs/Documents/Projects/Source/lovable-gympluscoffee-liam/src/contexts/AuthContext.tsx:18:25)
    at Router (/Users/davygabs/Documents/Projects/Source/lovable-gympluscoffee-liam/node_modules/react-router/dist/umd/react-router.development.js:1207:17)
    at BrowserRouter (/Users/davygabs/Documents/Projects/Source/lovable-gympluscoffee-liam/node_modules/react-router-dom/dist/umd/react-router-dom.development.js:695:7)
    at QueryClientProvider (file:///Users/davygabs/Documents/Projects/Source/lovable-gympluscoffee-liam/node_modules/@tanstack/react-query/build/modern/QueryClientProvider.js:20:3)
    at AllTheProviders (/Users/davygabs/Documents/Projects/Source/lovable-gympluscoffee-liam/src/__tests__/utils/test-utils.tsx:15:28)

            </system-err>
            <failure message="supabase.auth.onAuthStateChange is not a function" type="TypeError">
TypeError: supabase.auth.onAuthStateChange is not a function
 ❯ src/contexts/UserContext.tsx:39:54
 ❯ commitHookEffectListMount node_modules/react-dom/cjs/react-dom.development.js:23189:26
 ❯ commitPassiveMountOnFiber node_modules/react-dom/cjs/react-dom.development.js:24970:11
 ❯ commitPassiveMountEffects_complete node_modules/react-dom/cjs/react-dom.development.js:24930:9
 ❯ commitPassiveMountEffects_begin node_modules/react-dom/cjs/react-dom.development.js:24917:7
 ❯ commitPassiveMountEffects node_modules/react-dom/cjs/react-dom.development.js:24905:3
 ❯ flushPassiveEffectsImpl node_modules/react-dom/cjs/react-dom.development.js:27078:3
 ❯ flushPassiveEffects node_modules/react-dom/cjs/react-dom.development.js:27023:14
 ❯ performSyncWorkOnRoot node_modules/react-dom/cjs/react-dom.development.js:26115:3
 ❯ flushSyncCallbacks node_modules/react-dom/cjs/react-dom.development.js:12042:22
            </failure>
            <failure message="Should not already be working." type="Error">
Error: Should not already be working.
 ❯ performConcurrentWorkOnRoot node_modules/react-dom/cjs/react-dom.development.js:25742:11
 ❯ flushActQueue node_modules/react/cjs/react.development.js:2667:24
 ❯ act node_modules/react/cjs/react.development.js:2582:11
 ❯ node_modules/@testing-library/react/dist/act-compat.js:47:25
 ❯ node_modules/@testing-library/react/dist/pure.js:307:28
 ❯ cleanup node_modules/@testing-library/react/dist/pure.js:303:22
 ❯ node_modules/@testing-library/react/dist/index.js:28:25
            </failure>
        </testcase>
        <testcase classname="src/__tests__/components/StreamingConversation.test.tsx" name="StreamingConversation Component &gt; displays simplified thinking indicator during streaming" time="0.001517417">
            <failure message="Should not already be working." type="Error">
Error: Should not already be working.
 ❯ performConcurrentWorkOnRoot node_modules/react-dom/cjs/react-dom.development.js:25742:11
 ❯ flushActQueue node_modules/react/cjs/react.development.js:2667:24
 ❯ act node_modules/react/cjs/react.development.js:2582:11
 ❯ node_modules/@testing-library/react/dist/act-compat.js:47:25
 ❯ renderRoot node_modules/@testing-library/react/dist/pure.js:190:26
 ❯ Proxy.render node_modules/@testing-library/react/dist/pure.js:292:10
 ❯ Module.customRender src/__tests__/utils/test-utils.tsx:43:3
 ❯ src/__tests__/components/StreamingConversation.test.tsx:73:5
            </failure>
            <failure message="Should not already be working." type="Error">
Error: Should not already be working.
 ❯ performConcurrentWorkOnRoot node_modules/react-dom/cjs/react-dom.development.js:25742:11
 ❯ flushActQueue node_modules/react/cjs/react.development.js:2667:24
 ❯ act node_modules/react/cjs/react.development.js:2582:11
 ❯ node_modules/@testing-library/react/dist/act-compat.js:47:25
 ❯ node_modules/@testing-library/react/dist/pure.js:307:28
 ❯ cleanup node_modules/@testing-library/react/dist/pure.js:303:22
 ❯ node_modules/@testing-library/react/dist/index.js:28:25
            </failure>
        </testcase>
        <testcase classname="src/__tests__/components/StreamingConversation.test.tsx" name="StreamingConversation Component &gt; shows streaming indicator when streaming is active" time="0.000344958">
            <failure message="Should not already be working." type="Error">
Error: Should not already be working.
 ❯ performConcurrentWorkOnRoot node_modules/react-dom/cjs/react-dom.development.js:25742:11
 ❯ flushActQueue node_modules/react/cjs/react.development.js:2667:24
 ❯ act node_modules/react/cjs/react.development.js:2582:11
 ❯ node_modules/@testing-library/react/dist/act-compat.js:47:25
 ❯ renderRoot node_modules/@testing-library/react/dist/pure.js:190:26
 ❯ Proxy.render node_modules/@testing-library/react/dist/pure.js:292:10
 ❯ Module.customRender src/__tests__/utils/test-utils.tsx:43:3
 ❯ src/__tests__/components/StreamingConversation.test.tsx:83:5
            </failure>
            <failure message="Should not already be working." type="Error">
Error: Should not already be working.
 ❯ performConcurrentWorkOnRoot node_modules/react-dom/cjs/react-dom.development.js:25742:11
 ❯ flushActQueue node_modules/react/cjs/react.development.js:2667:24
 ❯ act node_modules/react/cjs/react.development.js:2582:11
 ❯ node_modules/@testing-library/react/dist/act-compat.js:47:25
 ❯ node_modules/@testing-library/react/dist/pure.js:307:28
 ❯ cleanup node_modules/@testing-library/react/dist/pure.js:303:22
 ❯ node_modules/@testing-library/react/dist/index.js:28:25
            </failure>
        </testcase>
        <testcase classname="src/__tests__/components/StreamingConversation.test.tsx" name="StreamingConversation Component &gt; displays final response with typewriter effect" time="0.00044">
            <failure message="Should not already be working." type="Error">
Error: Should not already be working.
 ❯ performConcurrentWorkOnRoot node_modules/react-dom/cjs/react-dom.development.js:25742:11
 ❯ flushActQueue node_modules/react/cjs/react.development.js:2667:24
 ❯ act node_modules/react/cjs/react.development.js:2582:11
 ❯ node_modules/@testing-library/react/dist/act-compat.js:47:25
 ❯ renderRoot node_modules/@testing-library/react/dist/pure.js:190:26
 ❯ Proxy.render node_modules/@testing-library/react/dist/pure.js:292:10
 ❯ Module.customRender src/__tests__/utils/test-utils.tsx:43:3
 ❯ src/__tests__/components/StreamingConversation.test.tsx:93:5
            </failure>
            <failure message="Should not already be working." type="Error">
Error: Should not already be working.
 ❯ performConcurrentWorkOnRoot node_modules/react-dom/cjs/react-dom.development.js:25742:11
 ❯ flushActQueue node_modules/react/cjs/react.development.js:2667:24
 ❯ act node_modules/react/cjs/react.development.js:2582:11
 ❯ node_modules/@testing-library/react/dist/act-compat.js:47:25
 ❯ node_modules/@testing-library/react/dist/pure.js:307:28
 ❯ cleanup node_modules/@testing-library/react/dist/pure.js:303:22
 ❯ node_modules/@testing-library/react/dist/index.js:28:25
            </failure>
        </testcase>
        <testcase classname="src/__tests__/components/StreamingConversation.test.tsx" name="StreamingConversation Component &gt; handles message submission through embedded search bar" time="0.000371084">
            <failure message="Should not already be working." type="Error">
Error: Should not already be working.
 ❯ performConcurrentWorkOnRoot node_modules/react-dom/cjs/react-dom.development.js:25742:11
 ❯ flushActQueue node_modules/react/cjs/react.development.js:2667:24
 ❯ act node_modules/react/cjs/react.development.js:2582:11
 ❯ node_modules/@testing-library/react/dist/act-compat.js:47:25
 ❯ renderRoot node_modules/@testing-library/react/dist/pure.js:190:26
 ❯ Proxy.render node_modules/@testing-library/react/dist/pure.js:292:10
 ❯ Module.customRender src/__tests__/utils/test-utils.tsx:43:3
 ❯ src/__tests__/components/StreamingConversation.test.tsx:99:5
            </failure>
            <failure message="Should not already be working." type="Error">
Error: Should not already be working.
 ❯ performConcurrentWorkOnRoot node_modules/react-dom/cjs/react-dom.development.js:25742:11
 ❯ flushActQueue node_modules/react/cjs/react.development.js:2667:24
 ❯ act node_modules/react/cjs/react.development.js:2582:11
 ❯ node_modules/@testing-library/react/dist/act-compat.js:47:25
 ❯ node_modules/@testing-library/react/dist/pure.js:307:28
 ❯ cleanup node_modules/@testing-library/react/dist/pure.js:303:22
 ❯ node_modules/@testing-library/react/dist/index.js:28:25
            </failure>
        </testcase>
        <testcase classname="src/__tests__/components/StreamingConversation.test.tsx" name="StreamingConversation Component &gt; hides detailed events when not streaming" time="0.000339042">
            <failure message="Should not already be working." type="Error">
Error: Should not already be working.
 ❯ performConcurrentWorkOnRoot node_modules/react-dom/cjs/react-dom.development.js:25742:11
 ❯ flushActQueue node_modules/react/cjs/react.development.js:2667:24
 ❯ act node_modules/react/cjs/react.development.js:2582:11
 ❯ node_modules/@testing-library/react/dist/act-compat.js:47:25
 ❯ renderRoot node_modules/@testing-library/react/dist/pure.js:190:26
 ❯ Proxy.render node_modules/@testing-library/react/dist/pure.js:292:10
 ❯ Module.customRender src/__tests__/utils/test-utils.tsx:43:3
 ❯ src/__tests__/components/StreamingConversation.test.tsx:141:5
            </failure>
            <failure message="Should not already be working." type="Error">
Error: Should not already be working.
 ❯ performConcurrentWorkOnRoot node_modules/react-dom/cjs/react-dom.development.js:25742:11
 ❯ flushActQueue node_modules/react/cjs/react.development.js:2667:24
 ❯ act node_modules/react/cjs/react.development.js:2582:11
 ❯ node_modules/@testing-library/react/dist/act-compat.js:47:25
 ❯ node_modules/@testing-library/react/dist/pure.js:307:28
 ❯ cleanup node_modules/@testing-library/react/dist/pure.js:303:22
 ❯ node_modules/@testing-library/react/dist/index.js:28:25
            </failure>
        </testcase>
        <testcase classname="src/__tests__/components/StreamingConversation.test.tsx" name="StreamingConversation Component &gt; hides event timestamps during simplified streaming" time="0.000317208">
            <failure message="Should not already be working." type="Error">
Error: Should not already be working.
 ❯ performConcurrentWorkOnRoot node_modules/react-dom/cjs/react-dom.development.js:25742:11
 ❯ flushActQueue node_modules/react/cjs/react.development.js:2667:24
 ❯ act node_modules/react/cjs/react.development.js:2582:11
 ❯ node_modules/@testing-library/react/dist/act-compat.js:47:25
 ❯ renderRoot node_modules/@testing-library/react/dist/pure.js:190:26
 ❯ Proxy.render node_modules/@testing-library/react/dist/pure.js:292:10
 ❯ Module.customRender src/__tests__/utils/test-utils.tsx:43:3
 ❯ src/__tests__/components/StreamingConversation.test.tsx:160:5
            </failure>
            <failure message="Should not already be working." type="Error">
Error: Should not already be working.
 ❯ performConcurrentWorkOnRoot node_modules/react-dom/cjs/react-dom.development.js:25742:11
 ❯ flushActQueue node_modules/react/cjs/react.development.js:2667:24
 ❯ act node_modules/react/cjs/react.development.js:2582:11
 ❯ node_modules/@testing-library/react/dist/act-compat.js:47:25
 ❯ node_modules/@testing-library/react/dist/pure.js:307:28
 ❯ cleanup node_modules/@testing-library/react/dist/pure.js:303:22
 ❯ node_modules/@testing-library/react/dist/index.js:28:25
            </failure>
        </testcase>
        <testcase classname="src/__tests__/components/StreamingConversation.test.tsx" name="StreamingConversation Component &gt; handles conversation history correctly" time="0.000359917">
            <failure message="Should not already be working." type="Error">
Error: Should not already be working.
 ❯ performConcurrentWorkOnRoot node_modules/react-dom/cjs/react-dom.development.js:25742:11
 ❯ flushActQueue node_modules/react/cjs/react.development.js:2667:24
 ❯ act node_modules/react/cjs/react.development.js:2582:11
 ❯ node_modules/@testing-library/react/dist/act-compat.js:47:25
 ❯ renderRoot node_modules/@testing-library/react/dist/pure.js:190:26
 ❯ Proxy.render node_modules/@testing-library/react/dist/pure.js:292:10
 ❯ Module.customRender src/__tests__/utils/test-utils.tsx:43:3
 ❯ src/__tests__/components/StreamingConversation.test.tsx:170:26
            </failure>
            <failure message="Should not already be working." type="Error">
Error: Should not already be working.
 ❯ performConcurrentWorkOnRoot node_modules/react-dom/cjs/react-dom.development.js:25742:11
 ❯ flushActQueue node_modules/react/cjs/react.development.js:2667:24
 ❯ act node_modules/react/cjs/react.development.js:2582:11
 ❯ node_modules/@testing-library/react/dist/act-compat.js:47:25
 ❯ node_modules/@testing-library/react/dist/pure.js:307:28
 ❯ cleanup node_modules/@testing-library/react/dist/pure.js:303:22
 ❯ node_modules/@testing-library/react/dist/index.js:28:25
            </failure>
        </testcase>
        <testcase classname="src/__tests__/components/StreamingConversation.test.tsx" name="StreamingConversation Component &gt; scrolls to bottom when new messages arrive" time="0.000538167">
            <failure message="Should not already be working." type="Error">
Error: Should not already be working.
 ❯ performConcurrentWorkOnRoot node_modules/react-dom/cjs/react-dom.development.js:25742:11
 ❯ flushActQueue node_modules/react/cjs/react.development.js:2667:24
 ❯ act node_modules/react/cjs/react.development.js:2582:11
 ❯ node_modules/@testing-library/react/dist/act-compat.js:47:25
 ❯ renderRoot node_modules/@testing-library/react/dist/pure.js:190:26
 ❯ Proxy.render node_modules/@testing-library/react/dist/pure.js:292:10
 ❯ Module.customRender src/__tests__/utils/test-utils.tsx:43:3
 ❯ src/__tests__/components/StreamingConversation.test.tsx:198:5
            </failure>
            <failure message="Should not already be working." type="Error">
Error: Should not already be working.
 ❯ performConcurrentWorkOnRoot node_modules/react-dom/cjs/react-dom.development.js:25742:11
 ❯ flushActQueue node_modules/react/cjs/react.development.js:2667:24
 ❯ act node_modules/react/cjs/react.development.js:2582:11
 ❯ node_modules/@testing-library/react/dist/act-compat.js:47:25
 ❯ node_modules/@testing-library/react/dist/pure.js:307:28
 ❯ cleanup node_modules/@testing-library/react/dist/pure.js:303:22
 ❯ node_modules/@testing-library/react/dist/index.js:28:25
            </failure>
        </testcase>
        <testcase classname="src/__tests__/components/StreamingConversation.test.tsx" name="StreamingConversation Component &gt; shows only simple thinking indicator instead of processing section" time="0.002132417">
            <failure message="Should not already be working." type="Error">
Error: Should not already be working.
 ❯ performConcurrentWorkOnRoot node_modules/react-dom/cjs/react-dom.development.js:25742:11
 ❯ flushActQueue node_modules/react/cjs/react.development.js:2667:24
 ❯ act node_modules/react/cjs/react.development.js:2582:11
 ❯ node_modules/@testing-library/react/dist/act-compat.js:47:25
 ❯ renderRoot node_modules/@testing-library/react/dist/pure.js:190:26
 ❯ Proxy.render node_modules/@testing-library/react/dist/pure.js:292:10
 ❯ Module.customRender src/__tests__/utils/test-utils.tsx:43:3
 ❯ src/__tests__/components/StreamingConversation.test.tsx:230:5
            </failure>
            <failure message="Should not already be working." type="Error">
Error: Should not already be working.
 ❯ performConcurrentWorkOnRoot node_modules/react-dom/cjs/react-dom.development.js:25742:11
 ❯ flushActQueue node_modules/react/cjs/react.development.js:2667:24
 ❯ act node_modules/react/cjs/react.development.js:2582:11
 ❯ node_modules/@testing-library/react/dist/act-compat.js:47:25
 ❯ node_modules/@testing-library/react/dist/pure.js:307:28
 ❯ cleanup node_modules/@testing-library/react/dist/pure.js:303:22
 ❯ node_modules/@testing-library/react/dist/index.js:28:25
            </failure>
        </testcase>
        <testcase classname="src/__tests__/components/StreamingConversation.test.tsx" name="StreamingConversation Component &gt; hides full content for message events during streaming" time="0.000284875">
            <failure message="Should not already be working." type="Error">
Error: Should not already be working.
 ❯ performConcurrentWorkOnRoot node_modules/react-dom/cjs/react-dom.development.js:25742:11
 ❯ flushActQueue node_modules/react/cjs/react.development.js:2667:24
 ❯ act node_modules/react/cjs/react.development.js:2582:11
 ❯ node_modules/@testing-library/react/dist/act-compat.js:47:25
 ❯ renderRoot node_modules/@testing-library/react/dist/pure.js:190:26
 ❯ Proxy.render node_modules/@testing-library/react/dist/pure.js:292:10
 ❯ Module.customRender src/__tests__/utils/test-utils.tsx:43:3
 ❯ src/__tests__/components/StreamingConversation.test.tsx:250:5
            </failure>
            <failure message="Should not already be working." type="Error">
Error: Should not already be working.
 ❯ performConcurrentWorkOnRoot node_modules/react-dom/cjs/react-dom.development.js:25742:11
 ❯ flushActQueue node_modules/react/cjs/react.development.js:2667:24
 ❯ act node_modules/react/cjs/react.development.js:2582:11
 ❯ node_modules/@testing-library/react/dist/act-compat.js:47:25
 ❯ node_modules/@testing-library/react/dist/pure.js:307:28
 ❯ cleanup node_modules/@testing-library/react/dist/pure.js:303:22
 ❯ node_modules/@testing-library/react/dist/index.js:28:25
            </failure>
        </testcase>
        <testcase classname="src/__tests__/components/StreamingConversation.test.tsx" name="StreamingConversation Component &gt; shows simplified UI for user message events during streaming" time="0.000243834">
            <failure message="Should not already be working." type="Error">
Error: Should not already be working.
 ❯ performConcurrentWorkOnRoot node_modules/react-dom/cjs/react-dom.development.js:25742:11
 ❯ flushActQueue node_modules/react/cjs/react.development.js:2667:24
 ❯ act node_modules/react/cjs/react.development.js:2582:11
 ❯ node_modules/@testing-library/react/dist/act-compat.js:47:25
 ❯ renderRoot node_modules/@testing-library/react/dist/pure.js:190:26
 ❯ Proxy.render node_modules/@testing-library/react/dist/pure.js:292:10
 ❯ Module.customRender src/__tests__/utils/test-utils.tsx:43:3
 ❯ src/__tests__/components/StreamingConversation.test.tsx:266:5
            </failure>
            <failure message="Should not already be working." type="Error">
Error: Should not already be working.
 ❯ performConcurrentWorkOnRoot node_modules/react-dom/cjs/react-dom.development.js:25742:11
 ❯ flushActQueue node_modules/react/cjs/react.development.js:2667:24
 ❯ act node_modules/react/cjs/react.development.js:2582:11
 ❯ node_modules/@testing-library/react/dist/act-compat.js:47:25
 ❯ node_modules/@testing-library/react/dist/pure.js:307:28
 ❯ cleanup node_modules/@testing-library/react/dist/pure.js:303:22
 ❯ node_modules/@testing-library/react/dist/index.js:28:25
            </failure>
        </testcase>
        <testcase classname="src/__tests__/components/StreamingConversation.test.tsx" name="StreamingConversation Component &gt; Props Updates &gt; updates events when props change" time="0.000249292">
            <failure message="Should not already be working." type="Error">
Error: Should not already be working.
 ❯ performConcurrentWorkOnRoot node_modules/react-dom/cjs/react-dom.development.js:25742:11
 ❯ flushActQueue node_modules/react/cjs/react.development.js:2667:24
 ❯ act node_modules/react/cjs/react.development.js:2582:11
 ❯ node_modules/@testing-library/react/dist/act-compat.js:47:25
 ❯ renderRoot node_modules/@testing-library/react/dist/pure.js:190:26
 ❯ Proxy.render node_modules/@testing-library/react/dist/pure.js:292:10
 ❯ Module.customRender src/__tests__/utils/test-utils.tsx:43:3
 ❯ src/__tests__/components/StreamingConversation.test.tsx:278:28
            </failure>
            <failure message="Should not already be working." type="Error">
Error: Should not already be working.
 ❯ performConcurrentWorkOnRoot node_modules/react-dom/cjs/react-dom.development.js:25742:11
 ❯ flushActQueue node_modules/react/cjs/react.development.js:2667:24
 ❯ act node_modules/react/cjs/react.development.js:2582:11
 ❯ node_modules/@testing-library/react/dist/act-compat.js:47:25
 ❯ node_modules/@testing-library/react/dist/pure.js:307:28
 ❯ cleanup node_modules/@testing-library/react/dist/pure.js:303:22
 ❯ node_modules/@testing-library/react/dist/index.js:28:25
            </failure>
        </testcase>
        <testcase classname="src/__tests__/components/StreamingConversation.test.tsx" name="StreamingConversation Component &gt; Props Updates &gt; updates final response when props change" time="0.000228833">
            <failure message="Should not already be working." type="Error">
Error: Should not already be working.
 ❯ performConcurrentWorkOnRoot node_modules/react-dom/cjs/react-dom.development.js:25742:11
 ❯ flushActQueue node_modules/react/cjs/react.development.js:2667:24
 ❯ act node_modules/react/cjs/react.development.js:2582:11
 ❯ node_modules/@testing-library/react/dist/act-compat.js:47:25
 ❯ renderRoot node_modules/@testing-library/react/dist/pure.js:190:26
 ❯ Proxy.render node_modules/@testing-library/react/dist/pure.js:292:10
 ❯ Module.customRender src/__tests__/utils/test-utils.tsx:43:3
 ❯ src/__tests__/components/StreamingConversation.test.tsx:294:28
            </failure>
            <failure message="Should not already be working." type="Error">
Error: Should not already be working.
 ❯ performConcurrentWorkOnRoot node_modules/react-dom/cjs/react-dom.development.js:25742:11
 ❯ flushActQueue node_modules/react/cjs/react.development.js:2667:24
 ❯ act node_modules/react/cjs/react.development.js:2582:11
 ❯ node_modules/@testing-library/react/dist/act-compat.js:47:25
 ❯ node_modules/@testing-library/react/dist/pure.js:307:28
 ❯ cleanup node_modules/@testing-library/react/dist/pure.js:303:22
 ❯ node_modules/@testing-library/react/dist/index.js:28:25
            </failure>
        </testcase>
        <testcase classname="src/__tests__/components/StreamingConversation.test.tsx" name="StreamingConversation Component &gt; Props Updates &gt; updates streaming state when props change" time="0.000286125">
            <failure message="Should not already be working." type="Error">
Error: Should not already be working.
 ❯ performConcurrentWorkOnRoot node_modules/react-dom/cjs/react-dom.development.js:25742:11
 ❯ flushActQueue node_modules/react/cjs/react.development.js:2667:24
 ❯ act node_modules/react/cjs/react.development.js:2582:11
 ❯ node_modules/@testing-library/react/dist/act-compat.js:47:25
 ❯ renderRoot node_modules/@testing-library/react/dist/pure.js:190:26
 ❯ Proxy.render node_modules/@testing-library/react/dist/pure.js:292:10
 ❯ Module.customRender src/__tests__/utils/test-utils.tsx:43:3
 ❯ src/__tests__/components/StreamingConversation.test.tsx:304:28
            </failure>
            <failure message="Should not already be working." type="Error">
Error: Should not already be working.
 ❯ performConcurrentWorkOnRoot node_modules/react-dom/cjs/react-dom.development.js:25742:11
 ❯ flushActQueue node_modules/react/cjs/react.development.js:2667:24
 ❯ act node_modules/react/cjs/react.development.js:2582:11
 ❯ node_modules/@testing-library/react/dist/act-compat.js:47:25
 ❯ node_modules/@testing-library/react/dist/pure.js:307:28
 ❯ cleanup node_modules/@testing-library/react/dist/pure.js:303:22
 ❯ node_modules/@testing-library/react/dist/index.js:28:25
            </failure>
        </testcase>
        <testcase classname="src/__tests__/components/StreamingConversation.test.tsx" name="StreamingConversation Component &gt; Final Response Display &gt; displays final response after simple thinking indicator" time="0.000245083">
            <failure message="Should not already be working." type="Error">
Error: Should not already be working.
 ❯ performConcurrentWorkOnRoot node_modules/react-dom/cjs/react-dom.development.js:25742:11
 ❯ flushActQueue node_modules/react/cjs/react.development.js:2667:24
 ❯ act node_modules/react/cjs/react.development.js:2582:11
 ❯ node_modules/@testing-library/react/dist/act-compat.js:47:25
 ❯ renderRoot node_modules/@testing-library/react/dist/pure.js:190:26
 ❯ Proxy.render node_modules/@testing-library/react/dist/pure.js:292:10
 ❯ Module.customRender src/__tests__/utils/test-utils.tsx:43:3
 ❯ src/__tests__/components/StreamingConversation.test.tsx:340:7
            </failure>
            <failure message="Should not already be working." type="Error">
Error: Should not already be working.
 ❯ performConcurrentWorkOnRoot node_modules/react-dom/cjs/react-dom.development.js:25742:11
 ❯ flushActQueue node_modules/react/cjs/react.development.js:2667:24
 ❯ act node_modules/react/cjs/react.development.js:2582:11
 ❯ node_modules/@testing-library/react/dist/act-compat.js:47:25
 ❯ node_modules/@testing-library/react/dist/pure.js:307:28
 ❯ cleanup node_modules/@testing-library/react/dist/pure.js:303:22
 ❯ node_modules/@testing-library/react/dist/index.js:28:25
            </failure>
        </testcase>
        <testcase classname="src/__tests__/components/StreamingConversation.test.tsx" name="StreamingConversation Component &gt; Final Response Display &gt; displays multiple final responses if present" time="0.000235958">
            <failure message="Should not already be working." type="Error">
Error: Should not already be working.
 ❯ performConcurrentWorkOnRoot node_modules/react-dom/cjs/react-dom.development.js:25742:11
 ❯ flushActQueue node_modules/react/cjs/react.development.js:2667:24
 ❯ act node_modules/react/cjs/react.development.js:2582:11
 ❯ node_modules/@testing-library/react/dist/act-compat.js:47:25
 ❯ renderRoot node_modules/@testing-library/react/dist/pure.js:190:26
 ❯ Proxy.render node_modules/@testing-library/react/dist/pure.js:292:10
 ❯ Module.customRender src/__tests__/utils/test-utils.tsx:43:3
 ❯ src/__tests__/components/StreamingConversation.test.tsx:369:7
            </failure>
            <failure message="Should not already be working." type="Error">
Error: Should not already be working.
 ❯ performConcurrentWorkOnRoot node_modules/react-dom/cjs/react-dom.development.js:25742:11
 ❯ flushActQueue node_modules/react/cjs/react.development.js:2667:24
 ❯ act node_modules/react/cjs/react.development.js:2582:11
 ❯ node_modules/@testing-library/react/dist/act-compat.js:47:25
 ❯ node_modules/@testing-library/react/dist/pure.js:307:28
 ❯ cleanup node_modules/@testing-library/react/dist/pure.js:303:22
 ❯ node_modules/@testing-library/react/dist/index.js:28:25
            </failure>
        </testcase>
        <testcase classname="src/__tests__/components/StreamingConversation.test.tsx" name="StreamingConversation Component &gt; Final Response Display &gt; handles final response with data.response field" time="0.0002255">
            <failure message="Should not already be working." type="Error">
Error: Should not already be working.
 ❯ performConcurrentWorkOnRoot node_modules/react-dom/cjs/react-dom.development.js:25742:11
 ❯ flushActQueue node_modules/react/cjs/react.development.js:2667:24
 ❯ act node_modules/react/cjs/react.development.js:2582:11
 ❯ node_modules/@testing-library/react/dist/act-compat.js:47:25
 ❯ renderRoot node_modules/@testing-library/react/dist/pure.js:190:26
 ❯ Proxy.render node_modules/@testing-library/react/dist/pure.js:292:10
 ❯ Module.customRender src/__tests__/utils/test-utils.tsx:43:3
 ❯ src/__tests__/components/StreamingConversation.test.tsx:385:7
            </failure>
            <failure message="Should not already be working." type="Error">
Error: Should not already be working.
 ❯ performConcurrentWorkOnRoot node_modules/react-dom/cjs/react-dom.development.js:25742:11
 ❯ flushActQueue node_modules/react/cjs/react.development.js:2667:24
 ❯ act node_modules/react/cjs/react.development.js:2582:11
 ❯ node_modules/@testing-library/react/dist/act-compat.js:47:25
 ❯ node_modules/@testing-library/react/dist/pure.js:307:28
 ❯ cleanup node_modules/@testing-library/react/dist/pure.js:303:22
 ❯ node_modules/@testing-library/react/dist/index.js:28:25
            </failure>
        </testcase>
        <testcase classname="src/__tests__/components/StreamingConversation.test.tsx" name="StreamingConversation Component &gt; Accessibility &gt; has proper semantic structure" time="0.000221541">
            <failure message="Should not already be working." type="Error">
Error: Should not already be working.
 ❯ performConcurrentWorkOnRoot node_modules/react-dom/cjs/react-dom.development.js:25742:11
 ❯ flushActQueue node_modules/react/cjs/react.development.js:2667:24
 ❯ act node_modules/react/cjs/react.development.js:2582:11
 ❯ node_modules/@testing-library/react/dist/act-compat.js:47:25
 ❯ renderRoot node_modules/@testing-library/react/dist/pure.js:190:26
 ❯ Proxy.render node_modules/@testing-library/react/dist/pure.js:292:10
 ❯ Module.customRender src/__tests__/utils/test-utils.tsx:43:3
 ❯ src/__tests__/components/StreamingConversation.test.tsx:393:7
            </failure>
            <failure message="Should not already be working." type="Error">
Error: Should not already be working.
 ❯ performConcurrentWorkOnRoot node_modules/react-dom/cjs/react-dom.development.js:25742:11
 ❯ flushActQueue node_modules/react/cjs/react.development.js:2667:24
 ❯ act node_modules/react/cjs/react.development.js:2582:11
 ❯ node_modules/@testing-library/react/dist/act-compat.js:47:25
 ❯ node_modules/@testing-library/react/dist/pure.js:307:28
 ❯ cleanup node_modules/@testing-library/react/dist/pure.js:303:22
 ❯ node_modules/@testing-library/react/dist/index.js:28:25
            </failure>
        </testcase>
        <testcase classname="src/__tests__/components/StreamingConversation.test.tsx" name="StreamingConversation Component &gt; Accessibility &gt; provides proper labels for streaming status" time="0.0002185">
            <failure message="Should not already be working." type="Error">
Error: Should not already be working.
 ❯ performConcurrentWorkOnRoot node_modules/react-dom/cjs/react-dom.development.js:25742:11
 ❯ flushActQueue node_modules/react/cjs/react.development.js:2667:24
 ❯ act node_modules/react/cjs/react.development.js:2582:11
 ❯ node_modules/@testing-library/react/dist/act-compat.js:47:25
 ❯ renderRoot node_modules/@testing-library/react/dist/pure.js:190:26
 ❯ Proxy.render node_modules/@testing-library/react/dist/pure.js:292:10
 ❯ Module.customRender src/__tests__/utils/test-utils.tsx:43:3
 ❯ src/__tests__/components/StreamingConversation.test.tsx:399:7
            </failure>
            <failure message="Should not already be working." type="Error">
Error: Should not already be working.
 ❯ performConcurrentWorkOnRoot node_modules/react-dom/cjs/react-dom.development.js:25742:11
 ❯ flushActQueue node_modules/react/cjs/react.development.js:2667:24
 ❯ act node_modules/react/cjs/react.development.js:2582:11
 ❯ node_modules/@testing-library/react/dist/act-compat.js:47:25
 ❯ node_modules/@testing-library/react/dist/pure.js:307:28
 ❯ cleanup node_modules/@testing-library/react/dist/pure.js:303:22
 ❯ node_modules/@testing-library/react/dist/index.js:28:25
            </failure>
        </testcase>
    </testsuite>
</testsuites>
