<?xml version="1.0" encoding="UTF-8" ?>
<testsuites name="vitest tests" tests="1" failures="1" errors="0" time="0">
    <testsuite name="src/__tests__/components/ChatInterface.test.tsx" timestamp="2025-09-05T13:46:11.777Z" hostname="Air-de-Davy" tests="1" failures="1" errors="0" skipped="0" time="0">
        <testcase classname="src/__tests__/components/ChatInterface.test.tsx" name="src/__tests__/components/ChatInterface.test.tsx" time="0">
            <system-out>
✅ Test environment setup completed
   Node environment: test
   Test timeout: 30000ms
   Fake timers: enabled
   Global mocks: enabled
   Custom matchers: loaded


            </system-out>
            <failure message="Cannot find module &apos;@testing-library/dom&apos;
Require stack:
- /Users/davygabs/Documents/Projects/Source/lovable-gympluscoffee-liam/node_modules/@testing-library/react/dist/pure.js" type="Error">
Error: Cannot find module &apos;@testing-library/dom&apos;
Require stack:
- /Users/davygabs/Documents/Projects/Source/lovable-gympluscoffee-liam/node_modules/@testing-library/react/dist/pure.js
 ❯ Object.&lt;anonymous&gt; node_modules/@testing-library/react/dist/pure.js:46:12

⎯⎯⎯⎯⎯⎯⎯⎯⎯⎯⎯⎯⎯⎯⎯⎯⎯⎯⎯⎯⎯⎯⎯⎯⎯⎯⎯⎯⎯⎯
Serialized Error: { code: &apos;MODULE_NOT_FOUND&apos;, requireStack: [ &apos;/Users/davygabs/Documents/Projects/Source/lovable-gympluscoffee-liam/node_modules/@testing-library/react/dist/pure.js&apos; ] }
            </failure>
        </testcase>
    </testsuite>
</testsuites>
